#
# There is insufficient memory for the Java Runtime Environment to continue.
# Native memory allocation (malloc) failed to allocate 1048576 bytes for AllocateHeap
# Possible reasons:
#   The system is out of physical RAM or swap space
#   The process is running with CompressedOops enabled, and the Java Heap may be blocking the growth of the native heap
# Possible solutions:
#   Reduce memory load on the system
#   Increase physical memory or swap space
#   Check if swap backing store is full
#   Decrease Java heap size (-Xmx/-Xms)
#   Decrease number of Java threads
#   Decrease Java thread stack sizes (-Xss)
#   Set larger code cache with -XX:ReservedCodeCacheSize=
#   JVM is running with Unscaled Compressed Oops mode in which the Java heap is
#     placed in the first 4GB address space. The Java Heap base address is the
#     maximum limit for the native heap growth. Please use -XX:HeapBaseMinAddress
#     to set the Java Heap base and to place the Java Heap above 4GB virtual address.
# This output file may be truncated or incomplete.
#
#  Out of Memory Error (memory/allocation.inline.hpp:61), pid=63972, tid=0x0000000000006a5c
#
# JRE version:  (8.0_251-b08) (build )
# Java VM: Java HotSpot(TM) 64-Bit Server VM (25.251-b08 mixed mode windows-amd64 compressed oops)
# Failed to write core dump. Minidumps are not enabled by default on client versions of Windows
#

---------------  T H R E A D  ---------------

Current thread (0x0000000002d72800):  JavaThread "Unknown thread" [_thread_in_vm, id=27228, stack(0x0000000002ba0000,0x0000000002ca0000)]

Stack: [0x0000000002ba0000,0x0000000002ca0000]
[error occurred during error reporting (printing stack bounds), id 0xc0000005]

Native frames: (J=compiled Java code, j=interpreted, Vv=VM code, C=native code)


---------------  P R O C E S S  ---------------

Java Threads: ( => current thread )

Other Threads:

=>0x0000000002d72800 (exited) JavaThread "Unknown thread" [_thread_in_vm, id=27228, stack(0x0000000002ba0000,0x0000000002ca0000)]

VM state:not at safepoint (normal execution)

VM Mutex/Monitor currently owned by a thread: None

heap address: 0x0000000081e00000, size: 2018 MB, Compressed Oops mode: 32-bit
Narrow klass base: 0x0000000000000000, Narrow klass shift: 3
Compressed class space size: 1073741824 Address: 0x0000000100000000

Heap:
 PSYoungGen      total 38400K, used 665K [0x00000000d5f80000, 0x00000000d8a00000, 0x0000000100000000)
  eden space 33280K, 2% used [0x00000000d5f80000,0x00000000d6026670,0x00000000d8000000)
  from space 5120K, 0% used [0x00000000d8500000,0x00000000d8500000,0x00000000d8a00000)
  to   space 5120K, 0% used [0x00000000d8000000,0x00000000d8000000,0x00000000d8500000)
 ParOldGen       total 87552K, used 0K [0x0000000081e00000, 0x0000000087380000, 0x00000000d5f80000)
  object space 87552K, 0% used [0x0000000081e00000,0x0000000081e00000,0x0000000087380000)
 Metaspace       used 752K, capacity 4480K, committed 4480K, reserved 1056768K
  class space    used 76K, capacity 384K, committed 384K, reserved 1048576K

Card table byte_map: [0x0000000012320000,0x0000000012720000] byte_map_base: 0x0000000011f11000

Marking Bits: (ParMarkBitMap*) 0x000000005c06af90
 Begin Bits: [0x00000000131d0000, 0x0000000015158000)
 End Bits:   [0x0000000015158000, 0x00000000170e0000)

Polling page: 0x0000000001310000

CodeCache: size=245760Kb used=328Kb max_used=328Kb free=245431Kb
 bounds [0x0000000002f60000, 0x00000000031d0000, 0x0000000011f60000]
 total_blobs=58 nmethods=0 adapters=38
 compilation: enabled

Compilation events (0 events):
No events

GC Heap History (0 events):
No events

Deoptimization events (0 events):
No events

Classes redefined (0 events):
No events

Internal exceptions (0 events):
No events

Events (10 events):
Event: 0.056 loading class java/lang/Short
Event: 0.056 loading class java/lang/Short done
Event: 0.056 loading class java/lang/Integer
Event: 0.056 loading class java/lang/Integer done
Event: 0.056 loading class java/lang/Long
Event: 0.057 loading class java/lang/Long done
Event: 0.058 loading class java/lang/NullPointerException
Event: 0.058 loading class java/lang/NullPointerException done
Event: 0.058 loading class java/lang/ArithmeticException
Event: 0.058 loading class java/lang/ArithmeticException done


Dynamic libraries:
0x00007ff657a70000 - 0x00007ff657aa7000 	C:\Program Files\Java\jre1.8.0_251\bin\javaw.exe
0x00007ff97bd80000 - 0x00007ff97bf70000 	C:\WINDOWS\SYSTEM32\ntdll.dll
0x00007ff97bc80000 - 0x00007ff97bd32000 	C:\WINDOWS\System32\KERNEL32.DLL
0x00007ff979540000 - 0x00007ff9797e4000 	C:\WINDOWS\System32\KERNELBASE.dll
0x00007ff97b3c0000 - 0x00007ff97b463000 	C:\WINDOWS\System32\ADVAPI32.dll
0x00007ff979fd0000 - 0x00007ff97a06e000 	C:\WINDOWS\System32\msvcrt.dll
0x00007ff97bbb0000 - 0x00007ff97bc47000 	C:\WINDOWS\System32\sechost.dll
0x00007ff97b9b0000 - 0x00007ff97bad0000 	C:\WINDOWS\System32\RPCRT4.dll
0x00007ff979e30000 - 0x00007ff979fc4000 	C:\WINDOWS\System32\USER32.dll
0x00007ff979de0000 - 0x00007ff979e01000 	C:\WINDOWS\System32\win32u.dll
0x00007ff97bb80000 - 0x00007ff97bba6000 	C:\WINDOWS\System32\GDI32.dll
0x00007ff9797f0000 - 0x00007ff979985000 	C:\WINDOWS\System32\gdi32full.dll
0x00007ff979ac0000 - 0x00007ff979b5e000 	C:\WINDOWS\System32\msvcp_win.dll
0x00007ff979b90000 - 0x00007ff979c8a000 	C:\WINDOWS\System32\ucrtbase.dll
0x00007ff955510000 - 0x00007ff955794000 	C:\WINDOWS\WinSxS\amd64_microsoft.windows.common-controls_6595b64144ccf1df_6.0.18362.900_none_e6beb9d913147d17\COMCTL32.dll
0x00007ff97b490000 - 0x00007ff97b7c5000 	C:\WINDOWS\System32\combase.dll
0x00007ff979a40000 - 0x00007ff979ac0000 	C:\WINDOWS\System32\bcryptPrimitives.dll
0x00007ff97bc50000 - 0x00007ff97bc7e000 	C:\WINDOWS\System32\IMM32.DLL
0x000000005ac20000 - 0x000000005acf2000 	C:\Program Files\Java\jre1.8.0_251\bin\msvcr100.dll
0x000000005b840000 - 0x000000005c0eb000 	C:\Program Files\Java\jre1.8.0_251\bin\server\jvm.dll
0x00007ff97a270000 - 0x00007ff97a278000 	C:\WINDOWS\System32\PSAPI.DLL
0x00007ff966ed0000 - 0x00007ff966ed9000 	C:\WINDOWS\SYSTEM32\WSOCK32.dll
0x00007ff9764b0000 - 0x00007ff9764d4000 	C:\WINDOWS\SYSTEM32\WINMM.dll
0x00007ff96dad0000 - 0x00007ff96dada000 	C:\WINDOWS\SYSTEM32\VERSION.dll
0x00007ff97b280000 - 0x00007ff97b2ef000 	C:\WINDOWS\System32\WS2_32.dll
0x00007ff976480000 - 0x00007ff9764ad000 	C:\WINDOWS\SYSTEM32\WINMMBASE.dll
0x00007ff9794f0000 - 0x00007ff97953a000 	C:\WINDOWS\System32\cfgmgr32.dll
0x00007ff9765d0000 - 0x00007ff9765df000 	C:\Program Files\Java\jre1.8.0_251\bin\verify.dll
0x00007ff954820000 - 0x00007ff954849000 	C:\Program Files\Java\jre1.8.0_251\bin\java.dll
0x00007ff9670d0000 - 0x00007ff9670e6000 	C:\Program Files\Java\jre1.8.0_251\bin\zip.dll

VM Arguments:
jvm_args: -Dfile.encoding=Cp1252 
java_command: com.corba.client.Client
java_class_path (initial): D:\GameClientCobra (1)\GameClientCobra\bin;D:\GameClientCobra (1)\GameClientCobra\lib\jacorb-3.2.jar;D:\GameClientCobra (1)\GameClientCobra\lib\jboss-rmi-api_1.0_spec-1.0.1.Final.jar;D:\GameClientCobra (1)\GameClientCobra\lib\log4j-1.2.12.jar;D:\GameClientCobra (1)\GameClientCobra\lib\slf4j-api-1.7.30.jar;D:\GameClientCobra (1)\GameClientCobra\lib\slf4j-simple-1.7.2.jar
Launcher Type: SUN_STANDARD

Environment Variables:
JAVA_HOME=C:\Program Files\Java\jdk1.8.0_221
USERNAME=nehad
DYLD_LIBRARY_PATH=C:\jar\z3-4.8.8-x64-win\bin\libz3java.dll
OS=Windows_NT
PROCESSOR_IDENTIFIER=Intel64 Family 6 Model 142 Stepping 10, GenuineIntel



---------------  S Y S T E M  ---------------

OS: Windows 10.0 , 64 bit Build 18362 (10.0.18362.900)

CPU:total 8 (initial active 8) (4 cores per cpu, 2 threads per core) family 6 model 142 stepping 10, cmov, cx8, fxsr, mmx, sse, sse2, sse3, ssse3, sse4.1, sse4.2, popcnt, avx, avx2, aes, clmul, erms, 3dnowpref, lzcnt, ht, tsc, tscinvbit, bmi1, bmi2, adx

Memory: 4k page, physical 8265124k(488512k free), swap 33430948k(5380k free)

vm_info: Java HotSpot(TM) 64-Bit Server VM (25.251-b08) for windows-amd64 JRE (1.8.0_251-b08), built on Mar 12 2020 06:31:49 by "" with MS VC++ 10.0 (VS2010)

time: Sun Jun 28 14:01:28 2020
timezone: Eastern Daylight Time
elapsed time: 0 seconds (0d 0h 0m 0s)

